[2022-11-08T07:42:32.652+0000] {taskinstance.py:1165} INFO - Dependencies all met for <TaskInstance: kinesis-data-firehose.convert_partition scheduled__2022-03-30T00:00:00+00:00 [queued]>
[2022-11-08T07:42:32.659+0000] {taskinstance.py:1165} INFO - Dependencies all met for <TaskInstance: kinesis-data-firehose.convert_partition scheduled__2022-03-30T00:00:00+00:00 [queued]>
[2022-11-08T07:42:32.660+0000] {taskinstance.py:1362} INFO - 
--------------------------------------------------------------------------------
[2022-11-08T07:42:32.663+0000] {taskinstance.py:1363} INFO - Starting attempt 1 of 2
[2022-11-08T07:42:32.664+0000] {taskinstance.py:1364} INFO - 
--------------------------------------------------------------------------------
[2022-11-08T07:42:32.672+0000] {taskinstance.py:1383} INFO - Executing <Task(PythonOperator): convert_partition> on 2022-03-30 00:00:00+00:00
[2022-11-08T07:42:32.678+0000] {standard_task_runner.py:55} INFO - Started process 1184 to run task
[2022-11-08T07:42:32.681+0000] {standard_task_runner.py:82} INFO - Running: ['***', 'tasks', 'run', 'kinesis-data-firehose', 'convert_partition', 'scheduled__2022-03-30T00:00:00+00:00', '--job-id', '8', '--raw', '--subdir', 'DAGS_FOLDER/dag.py', '--cfg-path', '/tmp/tmpcgr2yeq2']
[2022-11-08T07:42:32.683+0000] {standard_task_runner.py:83} INFO - Job 8: Subtask convert_partition
[2022-11-08T07:42:32.736+0000] {task_command.py:376} INFO - Running <TaskInstance: kinesis-data-firehose.convert_partition scheduled__2022-03-30T00:00:00+00:00 [running]> on host 96874b47d0f5
[2022-11-08T07:42:32.783+0000] {taskinstance.py:1592} INFO - Exporting the following env vars:
AIRFLOW_CTX_DAG_EMAIL=shiv.narayanan@icloud.com
AIRFLOW_CTX_DAG_OWNER=***
AIRFLOW_CTX_DAG_ID=kinesis-data-firehose
AIRFLOW_CTX_TASK_ID=convert_partition
AIRFLOW_CTX_EXECUTION_DATE=2022-03-30T00:00:00+00:00
AIRFLOW_CTX_TRY_NUMBER=1
AIRFLOW_CTX_DAG_RUN_ID=scheduled__2022-03-30T00:00:00+00:00
[2022-11-08T07:42:33.692+0000] {python.py:177} INFO - Done. Returned value was: None
[2022-11-08T07:42:33.701+0000] {taskinstance.py:1406} INFO - Marking task as SUCCESS. dag_id=kinesis-data-firehose, task_id=convert_partition, execution_date=20220330T000000, start_date=20221108T074232, end_date=20221108T074233
[2022-11-08T07:42:33.747+0000] {local_task_job.py:164} INFO - Task exited with return code 0
[2022-11-08T07:42:33.773+0000] {local_task_job.py:273} INFO - 1 downstream tasks scheduled from follow-on schedule check
