[2022-11-08T07:42:34.816+0000] {taskinstance.py:1165} INFO - Dependencies all met for <TaskInstance: kinesis-data-firehose.send_partition scheduled__2022-03-30T00:00:00+00:00 [queued]>
[2022-11-08T07:42:34.824+0000] {taskinstance.py:1165} INFO - Dependencies all met for <TaskInstance: kinesis-data-firehose.send_partition scheduled__2022-03-30T00:00:00+00:00 [queued]>
[2022-11-08T07:42:34.826+0000] {taskinstance.py:1362} INFO - 
--------------------------------------------------------------------------------
[2022-11-08T07:42:34.827+0000] {taskinstance.py:1363} INFO - Starting attempt 1 of 2
[2022-11-08T07:42:34.828+0000] {taskinstance.py:1364} INFO - 
--------------------------------------------------------------------------------
[2022-11-08T07:42:34.837+0000] {taskinstance.py:1383} INFO - Executing <Task(PythonOperator): send_partition> on 2022-03-30 00:00:00+00:00
[2022-11-08T07:42:34.842+0000] {standard_task_runner.py:55} INFO - Started process 1187 to run task
[2022-11-08T07:42:34.845+0000] {standard_task_runner.py:82} INFO - Running: ['***', 'tasks', 'run', 'kinesis-data-firehose', 'send_partition', 'scheduled__2022-03-30T00:00:00+00:00', '--job-id', '9', '--raw', '--subdir', 'DAGS_FOLDER/dag.py', '--cfg-path', '/tmp/tmpe4kav2_p']
[2022-11-08T07:42:34.850+0000] {standard_task_runner.py:83} INFO - Job 9: Subtask send_partition
[2022-11-08T07:42:34.901+0000] {task_command.py:376} INFO - Running <TaskInstance: kinesis-data-firehose.send_partition scheduled__2022-03-30T00:00:00+00:00 [running]> on host 96874b47d0f5
[2022-11-08T07:42:34.950+0000] {taskinstance.py:1592} INFO - Exporting the following env vars:
AIRFLOW_CTX_DAG_EMAIL=shiv.narayanan@icloud.com
AIRFLOW_CTX_DAG_OWNER=***
AIRFLOW_CTX_DAG_ID=kinesis-data-firehose
AIRFLOW_CTX_TASK_ID=send_partition
AIRFLOW_CTX_EXECUTION_DATE=2022-03-30T00:00:00+00:00
AIRFLOW_CTX_TRY_NUMBER=1
AIRFLOW_CTX_DAG_RUN_ID=scheduled__2022-03-30T00:00:00+00:00
[2022-11-08T07:42:39.446+0000] {python.py:177} INFO - Done. Returned value was: None
[2022-11-08T07:42:39.480+0000] {taskinstance.py:1406} INFO - Marking task as SUCCESS. dag_id=kinesis-data-firehose, task_id=send_partition, execution_date=20220330T000000, start_date=20221108T074234, end_date=20221108T074239
[2022-11-08T07:42:39.629+0000] {local_task_job.py:164} INFO - Task exited with return code 0
[2022-11-08T07:42:39.691+0000] {local_task_job.py:273} INFO - 0 downstream tasks scheduled from follow-on schedule check
