[2022-11-08T07:41:16.601+0000] {taskinstance.py:1165} INFO - Dependencies all met for <TaskInstance: kinesis-data-firehose.transactions_partition scheduled__2022-03-30T00:00:00+00:00 [queued]>
[2022-11-08T07:41:16.609+0000] {taskinstance.py:1165} INFO - Dependencies all met for <TaskInstance: kinesis-data-firehose.transactions_partition scheduled__2022-03-30T00:00:00+00:00 [queued]>
[2022-11-08T07:41:16.610+0000] {taskinstance.py:1362} INFO - 
--------------------------------------------------------------------------------
[2022-11-08T07:41:16.611+0000] {taskinstance.py:1363} INFO - Starting attempt 1 of 3
[2022-11-08T07:41:16.612+0000] {taskinstance.py:1364} INFO - 
--------------------------------------------------------------------------------
[2022-11-08T07:41:16.620+0000] {taskinstance.py:1383} INFO - Executing <Task(BashOperator): transactions_partition> on 2022-03-30 00:00:00+00:00
[2022-11-08T07:41:16.626+0000] {standard_task_runner.py:55} INFO - Started process 1116 to run task
[2022-11-08T07:41:16.629+0000] {standard_task_runner.py:82} INFO - Running: ['***', 'tasks', 'run', 'kinesis-data-firehose', 'transactions_partition', 'scheduled__2022-03-30T00:00:00+00:00', '--job-id', '7', '--raw', '--subdir', 'DAGS_FOLDER/dag.py', '--cfg-path', '/tmp/tmpp_c230qa']
[2022-11-08T07:41:16.630+0000] {standard_task_runner.py:83} INFO - Job 7: Subtask transactions_partition
[2022-11-08T07:41:16.681+0000] {task_command.py:376} INFO - Running <TaskInstance: kinesis-data-firehose.transactions_partition scheduled__2022-03-30T00:00:00+00:00 [running]> on host 96874b47d0f5
[2022-11-08T07:41:16.733+0000] {taskinstance.py:1592} INFO - Exporting the following env vars:
AIRFLOW_CTX_DAG_EMAIL=shiv.narayanan@icloud.com
AIRFLOW_CTX_DAG_OWNER=***
AIRFLOW_CTX_DAG_ID=kinesis-data-firehose
AIRFLOW_CTX_TASK_ID=transactions_partition
AIRFLOW_CTX_EXECUTION_DATE=2022-03-30T00:00:00+00:00
AIRFLOW_CTX_TRY_NUMBER=1
AIRFLOW_CTX_DAG_RUN_ID=scheduled__2022-03-30T00:00:00+00:00
[2022-11-08T07:41:16.735+0000] {subprocess.py:63} INFO - Tmp dir root location: 
 /tmp
[2022-11-08T07:41:16.737+0000] {subprocess.py:75} INFO - Running command: ['/bin/bash', '-c', 'shuf -n 500 /usr/local/***/data/transactions.csv > /usr/local/***/data/transactions_partition.csv']
[2022-11-08T07:41:16.748+0000] {subprocess.py:86} INFO - Output:
[2022-11-08T07:42:31.695+0000] {subprocess.py:97} INFO - Command exited with return code 0
[2022-11-08T07:42:31.739+0000] {taskinstance.py:1406} INFO - Marking task as SUCCESS. dag_id=kinesis-data-firehose, task_id=transactions_partition, execution_date=20220330T000000, start_date=20221108T074116, end_date=20221108T074231
[2022-11-08T07:42:31.786+0000] {local_task_job.py:164} INFO - Task exited with return code 0
[2022-11-08T07:42:31.813+0000] {local_task_job.py:273} INFO - 1 downstream tasks scheduled from follow-on schedule check
