[2022-11-08T04:42:45.642+0000] {manager.py:483} INFO - Processing files using up to 2 processes at a time 
[2022-11-08T04:42:45.648+0000] {manager.py:484} INFO - Process each file at most once every 30 seconds
[2022-11-08T04:42:45.650+0000] {manager.py:486} INFO - Checking for new files in /opt/airflow/dags every 300 seconds
[2022-11-08T04:42:45.653+0000] {manager.py:724} INFO - Searching for files in /opt/airflow/dags
[2022-11-08T04:42:45.718+0000] {manager.py:727} INFO - There are 1 files in /opt/airflow/dags
[2022-11-08T04:42:45.756+0000] {manager.py:846} INFO - 
================================================================================
DAG File Processing Stats

File Path                   PID  Runtime      # DAGs    # Errors  Last Runtime    Last Run
------------------------  -----  ---------  --------  ----------  --------------  ----------
/opt/airflow/dags/dag.py     34  0.01s             0           0
================================================================================
[2022-11-08T04:43:15.907+0000] {manager.py:846} INFO - 
================================================================================
DAG File Processing Stats

File Path                 PID    Runtime      # DAGs    # Errors  Last Runtime    Last Run
------------------------  -----  ---------  --------  ----------  --------------  -------------------
/opt/airflow/dags/dag.py                           1           0  0.49s           2022-11-08T04:42:46
================================================================================
[2022-11-08T04:43:46.589+0000] {manager.py:846} INFO - 
================================================================================
DAG File Processing Stats

File Path                 PID    Runtime      # DAGs    # Errors  Last Runtime    Last Run
------------------------  -----  ---------  --------  ----------  --------------  -------------------
/opt/airflow/dags/dag.py                           1           0  0.23s           2022-11-08T04:43:16
================================================================================
[2022-11-08T04:44:16.940+0000] {manager.py:846} INFO - 
================================================================================
DAG File Processing Stats

File Path                   PID  Runtime      # DAGs    # Errors  Last Runtime    Last Run
------------------------  -----  ---------  --------  ----------  --------------  -------------------
/opt/airflow/dags/dag.py    117  0.01s             1           0  0.18s           2022-11-08T04:43:46
================================================================================
[2022-11-08T04:44:47.250+0000] {manager.py:846} INFO - 
================================================================================
DAG File Processing Stats

File Path                   PID  Runtime      # DAGs    # Errors  Last Runtime    Last Run
------------------------  -----  ---------  --------  ----------  --------------  -------------------
/opt/airflow/dags/dag.py    136  0.02s             1           0  0.19s           2022-11-08T04:44:17
================================================================================
[2022-11-08T04:45:17.615+0000] {manager.py:846} INFO - 
================================================================================
DAG File Processing Stats

File Path                   PID  Runtime      # DAGs    # Errors  Last Runtime    Last Run
------------------------  -----  ---------  --------  ----------  --------------  -------------------
/opt/airflow/dags/dag.py    164  0.03s             1           0  0.22s           2022-11-08T04:44:47
================================================================================
[2022-11-08T04:45:47.961+0000] {manager.py:846} INFO - 
================================================================================
DAG File Processing Stats

File Path                   PID  Runtime      # DAGs    # Errors  Last Runtime    Last Run
------------------------  -----  ---------  --------  ----------  --------------  -------------------
/opt/airflow/dags/dag.py    193  0.02s             1           0  0.21s           2022-11-08T04:45:17
================================================================================
[2022-11-08T04:46:18.206+0000] {manager.py:846} INFO - 
================================================================================
DAG File Processing Stats

File Path                   PID  Runtime      # DAGs    # Errors  Last Runtime    Last Run
------------------------  -----  ---------  --------  ----------  --------------  -------------------
/opt/airflow/dags/dag.py    221  0.01s             1           0  0.21s           2022-11-08T04:45:48
================================================================================
[2022-11-08T04:46:48.507+0000] {manager.py:846} INFO - 
================================================================================
DAG File Processing Stats

File Path                   PID  Runtime      # DAGs    # Errors  Last Runtime    Last Run
------------------------  -----  ---------  --------  ----------  --------------  -------------------
/opt/airflow/dags/dag.py    241  0.01s             1           0  0.20s           2022-11-08T04:46:18
================================================================================
[2022-11-08T04:47:18.810+0000] {manager.py:846} INFO - 
================================================================================
DAG File Processing Stats

File Path                   PID  Runtime      # DAGs    # Errors  Last Runtime    Last Run
------------------------  -----  ---------  --------  ----------  --------------  -------------------
/opt/airflow/dags/dag.py    269  0.01s             1           0  0.18s           2022-11-08T04:46:48
================================================================================
[2022-11-08T04:47:45.966+0000] {manager.py:724} INFO - Searching for files in /opt/airflow/dags
[2022-11-08T04:47:46.026+0000] {manager.py:727} INFO - There are 1 files in /opt/airflow/dags
[2022-11-08T04:47:49.075+0000] {manager.py:846} INFO - 
================================================================================
DAG File Processing Stats

File Path                   PID  Runtime      # DAGs    # Errors  Last Runtime    Last Run
------------------------  -----  ---------  --------  ----------  --------------  -------------------
/opt/airflow/dags/dag.py    297  0.01s             1           0  0.16s           2022-11-08T04:47:18
================================================================================
[2022-11-08T04:48:19.330+0000] {manager.py:846} INFO - 
================================================================================
DAG File Processing Stats

File Path                   PID  Runtime      # DAGs    # Errors  Last Runtime    Last Run
------------------------  -----  ---------  --------  ----------  --------------  -------------------
/opt/airflow/dags/dag.py    325  0.01s             1           0  0.17s           2022-11-08T04:47:49
================================================================================
[2022-11-08T04:48:49.559+0000] {manager.py:846} INFO - 
================================================================================
DAG File Processing Stats

File Path                   PID  Runtime      # DAGs    # Errors  Last Runtime    Last Run
------------------------  -----  ---------  --------  ----------  --------------  -------------------
/opt/airflow/dags/dag.py    352  0.01s             1           0  0.18s           2022-11-08T04:48:19
================================================================================
[2022-11-08T04:49:20.046+0000] {manager.py:846} INFO - 
================================================================================
DAG File Processing Stats

File Path                   PID  Runtime      # DAGs    # Errors  Last Runtime    Last Run
------------------------  -----  ---------  --------  ----------  --------------  -------------------
/opt/airflow/dags/dag.py    371  0.01s             1           0  0.27s           2022-11-08T04:48:49
================================================================================
[2022-11-08T04:49:50.271+0000] {manager.py:846} INFO - 
================================================================================
DAG File Processing Stats

File Path                   PID  Runtime      # DAGs    # Errors  Last Runtime    Last Run
------------------------  -----  ---------  --------  ----------  --------------  -------------------
/opt/airflow/dags/dag.py    399  0.02s             1           0  0.12s           2022-11-08T04:49:20
================================================================================
[2022-11-08T04:50:20.540+0000] {manager.py:846} INFO - 
================================================================================
DAG File Processing Stats

File Path                   PID  Runtime      # DAGs    # Errors  Last Runtime    Last Run
------------------------  -----  ---------  --------  ----------  --------------  -------------------
/opt/airflow/dags/dag.py    426  0.02s             1           0  0.18s           2022-11-08T04:49:50
================================================================================
[2022-11-08T04:50:50.949+0000] {manager.py:846} INFO - 
================================================================================
DAG File Processing Stats

File Path                   PID  Runtime      # DAGs    # Errors  Last Runtime    Last Run
------------------------  -----  ---------  --------  ----------  --------------  -------------------
/opt/airflow/dags/dag.py    454  0.01s             1           0  0.19s           2022-11-08T04:50:20
================================================================================
[2022-11-08T04:51:21.211+0000] {manager.py:846} INFO - 
================================================================================
DAG File Processing Stats

File Path                   PID  Runtime      # DAGs    # Errors  Last Runtime    Last Run
------------------------  -----  ---------  --------  ----------  --------------  -------------------
/opt/airflow/dags/dag.py    473  0.01s             1           0  0.21s           2022-11-08T04:50:51
================================================================================
[2022-11-08T07:19:52.269+0000] {manager.py:483} INFO - Processing files using up to 2 processes at a time 
[2022-11-08T07:19:52.273+0000] {manager.py:484} INFO - Process each file at most once every 30 seconds
[2022-11-08T07:19:52.275+0000] {manager.py:486} INFO - Checking for new files in /opt/airflow/dags every 300 seconds
[2022-11-08T07:19:52.277+0000] {manager.py:724} INFO - Searching for files in /opt/airflow/dags
[2022-11-08T07:19:52.360+0000] {manager.py:727} INFO - There are 1 files in /opt/airflow/dags
[2022-11-08T07:19:52.402+0000] {manager.py:846} INFO - 
================================================================================
DAG File Processing Stats

File Path                   PID  Runtime      # DAGs    # Errors  Last Runtime    Last Run
------------------------  -----  ---------  --------  ----------  --------------  ----------
/opt/airflow/dags/dag.py     35  0.02s             0           0
================================================================================
[2022-11-08T07:20:22.662+0000] {manager.py:846} INFO - 
================================================================================
DAG File Processing Stats

File Path                   PID  Runtime      # DAGs    # Errors  Last Runtime    Last Run
------------------------  -----  ---------  --------  ----------  --------------  -------------------
/opt/airflow/dags/dag.py     64  0.01s             1           0  0.21s           2022-11-08T07:19:52
================================================================================
[2022-11-08T07:20:52.972+0000] {manager.py:846} INFO - 
================================================================================
DAG File Processing Stats

File Path                   PID  Runtime      # DAGs    # Errors  Last Runtime    Last Run
------------------------  -----  ---------  --------  ----------  --------------  -------------------
/opt/airflow/dags/dag.py     92  0.01s             1           0  0.15s           2022-11-08T07:20:22
================================================================================
[2022-11-08T07:21:23.236+0000] {manager.py:846} INFO - 
================================================================================
DAG File Processing Stats

File Path                   PID  Runtime      # DAGs    # Errors  Last Runtime    Last Run
------------------------  -----  ---------  --------  ----------  --------------  -------------------
/opt/airflow/dags/dag.py    119  0.02s             1           0  0.13s           2022-11-08T07:20:53
================================================================================
[2022-11-08T07:21:53.594+0000] {manager.py:846} INFO - 
================================================================================
DAG File Processing Stats

File Path                   PID  Runtime      # DAGs    # Errors  Last Runtime    Last Run
------------------------  -----  ---------  --------  ----------  --------------  -------------------
/opt/airflow/dags/dag.py    138  0.02s             1           0  0.19s           2022-11-08T07:21:23
================================================================================
[2022-11-08T07:22:24.035+0000] {manager.py:846} INFO - 
================================================================================
DAG File Processing Stats

File Path                 PID    Runtime      # DAGs    # Errors  Last Runtime    Last Run
------------------------  -----  ---------  --------  ----------  --------------  -------------------
/opt/airflow/dags/dag.py                           1           0  0.19s           2022-11-08T07:22:16
================================================================================
[2022-11-08T07:22:54.562+0000] {manager.py:846} INFO - 
================================================================================
DAG File Processing Stats

File Path                 PID    Runtime      # DAGs    # Errors  Last Runtime    Last Run
------------------------  -----  ---------  --------  ----------  --------------  -------------------
/opt/airflow/dags/dag.py                           1           0  0.23s           2022-11-08T07:22:48
================================================================================
[2022-11-08T07:23:24.973+0000] {manager.py:846} INFO - 
================================================================================
DAG File Processing Stats

File Path                 PID    Runtime      # DAGs    # Errors  Last Runtime    Last Run
------------------------  -----  ---------  --------  ----------  --------------  -------------------
/opt/airflow/dags/dag.py                           1           0  0.18s           2022-11-08T07:23:19
================================================================================
[2022-11-08T07:23:55.398+0000] {manager.py:846} INFO - 
================================================================================
DAG File Processing Stats

File Path                 PID    Runtime      # DAGs    # Errors  Last Runtime    Last Run
------------------------  -----  ---------  --------  ----------  --------------  -------------------
/opt/airflow/dags/dag.py                           1           0  0.19s           2022-11-08T07:23:49
================================================================================
[2022-11-08T07:24:25.797+0000] {manager.py:846} INFO - 
================================================================================
DAG File Processing Stats

File Path                 PID    Runtime      # DAGs    # Errors  Last Runtime    Last Run
------------------------  -----  ---------  --------  ----------  --------------  -------------------
/opt/airflow/dags/dag.py                           1           0  0.18s           2022-11-08T07:24:19
================================================================================
[2022-11-08T07:24:53.105+0000] {manager.py:724} INFO - Searching for files in /opt/airflow/dags
[2022-11-08T07:24:53.147+0000] {manager.py:727} INFO - There are 1 files in /opt/airflow/dags
[2022-11-08T07:24:56.200+0000] {manager.py:846} INFO - 
================================================================================
DAG File Processing Stats

File Path                 PID    Runtime      # DAGs    # Errors  Last Runtime    Last Run
------------------------  -----  ---------  --------  ----------  --------------  -------------------
/opt/airflow/dags/dag.py                           1           0  0.19s           2022-11-08T07:24:50
================================================================================
[2022-11-08T07:25:26.564+0000] {manager.py:846} INFO - 
================================================================================
DAG File Processing Stats

File Path                 PID    Runtime      # DAGs    # Errors  Last Runtime    Last Run
------------------------  -----  ---------  --------  ----------  --------------  -------------------
/opt/airflow/dags/dag.py                           1           0  0.17s           2022-11-08T07:25:20
================================================================================
[2022-11-08T07:25:56.910+0000] {manager.py:846} INFO - 
================================================================================
DAG File Processing Stats

File Path                 PID    Runtime      # DAGs    # Errors  Last Runtime    Last Run
------------------------  -----  ---------  --------  ----------  --------------  -------------------
/opt/airflow/dags/dag.py                           1           0  0.17s           2022-11-08T07:25:50
================================================================================
[2022-11-08T07:26:27.198+0000] {manager.py:846} INFO - 
================================================================================
DAG File Processing Stats

File Path                 PID    Runtime      # DAGs    # Errors  Last Runtime    Last Run
------------------------  -----  ---------  --------  ----------  --------------  -------------------
/opt/airflow/dags/dag.py                           1           0  0.16s           2022-11-08T07:26:21
================================================================================
[2022-11-08T07:26:57.593+0000] {manager.py:846} INFO - 
================================================================================
DAG File Processing Stats

File Path                 PID    Runtime      # DAGs    # Errors  Last Runtime    Last Run
------------------------  -----  ---------  --------  ----------  --------------  -------------------
/opt/airflow/dags/dag.py                           1           0  0.16s           2022-11-08T07:26:51
================================================================================
[2022-11-08T07:27:27.987+0000] {manager.py:846} INFO - 
================================================================================
DAG File Processing Stats

File Path                 PID    Runtime      # DAGs    # Errors  Last Runtime    Last Run
------------------------  -----  ---------  --------  ----------  --------------  -------------------
/opt/airflow/dags/dag.py                           1           0  0.22s           2022-11-08T07:27:22
================================================================================
[2022-11-08T07:27:58.431+0000] {manager.py:846} INFO - 
================================================================================
DAG File Processing Stats

File Path                 PID    Runtime      # DAGs    # Errors  Last Runtime    Last Run
------------------------  -----  ---------  --------  ----------  --------------  -------------------
/opt/airflow/dags/dag.py                           1           0  0.19s           2022-11-08T07:27:52
================================================================================
[2022-11-08T07:28:28.796+0000] {manager.py:846} INFO - 
================================================================================
DAG File Processing Stats

File Path                 PID    Runtime      # DAGs    # Errors  Last Runtime    Last Run
------------------------  -----  ---------  --------  ----------  --------------  -------------------
/opt/airflow/dags/dag.py                           1           0  0.16s           2022-11-08T07:28:22
================================================================================
[2022-11-08T07:28:59.265+0000] {manager.py:846} INFO - 
================================================================================
DAG File Processing Stats

File Path                 PID    Runtime      # DAGs    # Errors  Last Runtime    Last Run
------------------------  -----  ---------  --------  ----------  --------------  -------------------
/opt/airflow/dags/dag.py                           1           0  0.12s           2022-11-08T07:28:53
================================================================================
[2022-11-08T07:29:29.662+0000] {manager.py:846} INFO - 
================================================================================
DAG File Processing Stats

File Path                 PID    Runtime      # DAGs    # Errors  Last Runtime    Last Run
------------------------  -----  ---------  --------  ----------  --------------  -------------------
/opt/airflow/dags/dag.py                           1           0  0.17s           2022-11-08T07:29:23
================================================================================
[2022-11-08T07:29:53.897+0000] {manager.py:724} INFO - Searching for files in /opt/airflow/dags
[2022-11-08T07:29:53.926+0000] {manager.py:727} INFO - There are 1 files in /opt/airflow/dags
[2022-11-08T07:30:00.014+0000] {manager.py:846} INFO - 
================================================================================
DAG File Processing Stats

File Path                 PID    Runtime      # DAGs    # Errors  Last Runtime    Last Run
------------------------  -----  ---------  --------  ----------  --------------  -------------------
/opt/airflow/dags/dag.py                           1           0  0.15s           2022-11-08T07:29:54
================================================================================
[2022-11-08T07:30:30.368+0000] {manager.py:846} INFO - 
================================================================================
DAG File Processing Stats

File Path                 PID    Runtime      # DAGs    # Errors  Last Runtime    Last Run
------------------------  -----  ---------  --------  ----------  --------------  -------------------
/opt/airflow/dags/dag.py                           1           0  0.16s           2022-11-08T07:30:24
================================================================================
[2022-11-08T07:31:00.742+0000] {manager.py:846} INFO - 
================================================================================
DAG File Processing Stats

File Path                   PID  Runtime      # DAGs    # Errors  Last Runtime    Last Run
------------------------  -----  ---------  --------  ----------  --------------  -------------------
/opt/airflow/dags/dag.py    616  0.01s             1           0  0.14s           2022-11-08T07:30:54
================================================================================
[2022-11-08T07:31:31.036+0000] {manager.py:846} INFO - 
================================================================================
DAG File Processing Stats

File Path                   PID  Runtime      # DAGs    # Errors  Last Runtime    Last Run
------------------------  -----  ---------  --------  ----------  --------------  -------------------
/opt/airflow/dags/dag.py    635  0.02s             0           1  0.08s           2022-11-08T07:31:00
================================================================================
[2022-11-08T07:32:01.400+0000] {manager.py:846} INFO - 
================================================================================
DAG File Processing Stats

File Path                   PID  Runtime      # DAGs    # Errors  Last Runtime    Last Run
------------------------  -----  ---------  --------  ----------  --------------  -------------------
/opt/airflow/dags/dag.py    663  0.02s             1           0  0.24s           2022-11-08T07:31:31
================================================================================
[2022-11-08T07:32:31.771+0000] {manager.py:846} INFO - 
================================================================================
DAG File Processing Stats

File Path                   PID  Runtime      # DAGs    # Errors  Last Runtime    Last Run
------------------------  -----  ---------  --------  ----------  --------------  -------------------
/opt/airflow/dags/dag.py    690  0.02s             1           0  0.13s           2022-11-08T07:32:01
================================================================================
[2022-11-08T07:33:02.160+0000] {manager.py:846} INFO - 
================================================================================
DAG File Processing Stats

File Path                 PID    Runtime      # DAGs    # Errors  Last Runtime    Last Run
------------------------  -----  ---------  --------  ----------  --------------  -------------------
/opt/airflow/dags/dag.py                           1           0  0.16s           2022-11-08T07:32:45
================================================================================
[2022-11-08T07:33:32.475+0000] {manager.py:846} INFO - 
================================================================================
DAG File Processing Stats

File Path                 PID    Runtime      # DAGs    # Errors  Last Runtime    Last Run
------------------------  -----  ---------  --------  ----------  --------------  -------------------
/opt/airflow/dags/dag.py                           1           0  0.21s           2022-11-08T07:33:15
================================================================================
[2022-11-08T07:34:02.929+0000] {manager.py:846} INFO - 
================================================================================
DAG File Processing Stats

File Path                 PID    Runtime      # DAGs    # Errors  Last Runtime    Last Run
------------------------  -----  ---------  --------  ----------  --------------  -------------------
/opt/airflow/dags/dag.py                           1           0  0.16s           2022-11-08T07:33:45
================================================================================
[2022-11-08T07:34:33.283+0000] {manager.py:846} INFO - 
================================================================================
DAG File Processing Stats

File Path                 PID    Runtime      # DAGs    # Errors  Last Runtime    Last Run
------------------------  -----  ---------  --------  ----------  --------------  -------------------
/opt/airflow/dags/dag.py                           1           0  0.10s           2022-11-08T07:34:16
================================================================================
[2022-11-08T07:34:54.561+0000] {manager.py:724} INFO - Searching for files in /opt/airflow/dags
[2022-11-08T07:34:54.619+0000] {manager.py:727} INFO - There are 1 files in /opt/airflow/dags
[2022-11-08T07:35:03.722+0000] {manager.py:846} INFO - 
================================================================================
DAG File Processing Stats

File Path                 PID    Runtime      # DAGs    # Errors  Last Runtime    Last Run
------------------------  -----  ---------  --------  ----------  --------------  -------------------
/opt/airflow/dags/dag.py                           1           0  0.17s           2022-11-08T07:34:46
================================================================================
[2022-11-08T07:35:34.035+0000] {manager.py:846} INFO - 
================================================================================
DAG File Processing Stats

File Path                 PID    Runtime      # DAGs    # Errors  Last Runtime    Last Run
------------------------  -----  ---------  --------  ----------  --------------  -------------------
/opt/airflow/dags/dag.py                           1           0  0.14s           2022-11-08T07:35:16
================================================================================
[2022-11-08T07:36:04.360+0000] {manager.py:846} INFO - 
================================================================================
DAG File Processing Stats

File Path                 PID    Runtime      # DAGs    # Errors  Last Runtime    Last Run
------------------------  -----  ---------  --------  ----------  --------------  -------------------
/opt/airflow/dags/dag.py                           1           0  0.14s           2022-11-08T07:35:47
================================================================================
[2022-11-08T07:36:34.769+0000] {manager.py:846} INFO - 
================================================================================
DAG File Processing Stats

File Path                 PID    Runtime      # DAGs    # Errors  Last Runtime    Last Run
------------------------  -----  ---------  --------  ----------  --------------  -------------------
/opt/airflow/dags/dag.py                           1           0  0.17s           2022-11-08T07:36:17
================================================================================
[2022-11-08T07:37:05.064+0000] {manager.py:846} INFO - 
================================================================================
DAG File Processing Stats

File Path                 PID    Runtime      # DAGs    # Errors  Last Runtime    Last Run
------------------------  -----  ---------  --------  ----------  --------------  -------------------
/opt/airflow/dags/dag.py                           1           0  0.14s           2022-11-08T07:36:48
================================================================================
[2022-11-08T07:37:35.396+0000] {manager.py:846} INFO - 
================================================================================
DAG File Processing Stats

File Path                 PID    Runtime      # DAGs    # Errors  Last Runtime    Last Run
------------------------  -----  ---------  --------  ----------  --------------  -------------------
/opt/airflow/dags/dag.py                           1           0  0.10s           2022-11-08T07:37:18
================================================================================
[2022-11-08T07:38:05.795+0000] {manager.py:846} INFO - 
================================================================================
DAG File Processing Stats

File Path                 PID    Runtime      # DAGs    # Errors  Last Runtime    Last Run
------------------------  -----  ---------  --------  ----------  --------------  -------------------
/opt/airflow/dags/dag.py                           1           0  0.15s           2022-11-08T07:37:48
================================================================================
[2022-11-08T07:38:36.071+0000] {manager.py:846} INFO - 
================================================================================
DAG File Processing Stats

File Path                 PID    Runtime      # DAGs    # Errors  Last Runtime    Last Run
------------------------  -----  ---------  --------  ----------  --------------  -------------------
/opt/airflow/dags/dag.py                           1           0  0.10s           2022-11-08T07:38:19
================================================================================
[2022-11-08T07:39:06.427+0000] {manager.py:846} INFO - 
================================================================================
DAG File Processing Stats

File Path                 PID    Runtime      # DAGs    # Errors  Last Runtime    Last Run
------------------------  -----  ---------  --------  ----------  --------------  -------------------
/opt/airflow/dags/dag.py                           1           0  0.14s           2022-11-08T07:38:49
================================================================================
[2022-11-08T07:39:36.752+0000] {manager.py:846} INFO - 
================================================================================
DAG File Processing Stats

File Path                 PID    Runtime      # DAGs    # Errors  Last Runtime    Last Run
------------------------  -----  ---------  --------  ----------  --------------  -------------------
/opt/airflow/dags/dag.py                           1           0  0.12s           2022-11-08T07:39:19
================================================================================
[2022-11-08T07:39:54.945+0000] {manager.py:724} INFO - Searching for files in /opt/airflow/dags
[2022-11-08T07:39:54.996+0000] {manager.py:727} INFO - There are 1 files in /opt/airflow/dags
[2022-11-08T07:40:07.112+0000] {manager.py:846} INFO - 
================================================================================
DAG File Processing Stats

File Path                 PID    Runtime      # DAGs    # Errors  Last Runtime    Last Run
------------------------  -----  ---------  --------  ----------  --------------  -------------------
/opt/airflow/dags/dag.py                           1           0  0.13s           2022-11-08T07:39:49
================================================================================
[2022-11-08T07:40:37.530+0000] {manager.py:846} INFO - 
================================================================================
DAG File Processing Stats

File Path                 PID    Runtime      # DAGs    # Errors  Last Runtime    Last Run
------------------------  -----  ---------  --------  ----------  --------------  -------------------
/opt/airflow/dags/dag.py                           1           0  0.14s           2022-11-08T07:40:20
================================================================================
[2022-11-08T07:41:07.965+0000] {manager.py:846} INFO - 
================================================================================
DAG File Processing Stats

File Path                 PID    Runtime      # DAGs    # Errors  Last Runtime    Last Run
------------------------  -----  ---------  --------  ----------  --------------  -------------------
/opt/airflow/dags/dag.py                           1           0  0.13s           2022-11-08T07:40:50
================================================================================
[2022-11-08T07:41:38.248+0000] {manager.py:846} INFO - 
================================================================================
DAG File Processing Stats

File Path                 PID    Runtime      # DAGs    # Errors  Last Runtime    Last Run
------------------------  -----  ---------  --------  ----------  --------------  -------------------
/opt/airflow/dags/dag.py                           1           0  0.40s           2022-11-08T07:41:21
================================================================================
[2022-11-08T07:42:08.707+0000] {manager.py:846} INFO - 
================================================================================
DAG File Processing Stats

File Path                 PID    Runtime      # DAGs    # Errors  Last Runtime    Last Run
------------------------  -----  ---------  --------  ----------  --------------  -------------------
/opt/airflow/dags/dag.py                           1           0  0.56s           2022-11-08T07:41:52
================================================================================
[2022-11-08T07:42:38.875+0000] {manager.py:846} INFO - 
================================================================================
DAG File Processing Stats

File Path                 PID    Runtime      # DAGs    # Errors  Last Runtime    Last Run
------------------------  -----  ---------  --------  ----------  --------------  -------------------
/opt/airflow/dags/dag.py                           1           0  0.46s           2022-11-08T07:42:22
================================================================================
[2022-11-08T07:43:09.208+0000] {manager.py:846} INFO - 
================================================================================
DAG File Processing Stats

File Path                 PID    Runtime      # DAGs    # Errors  Last Runtime    Last Run
------------------------  -----  ---------  --------  ----------  --------------  -------------------
/opt/airflow/dags/dag.py                           1           0  0.18s           2022-11-08T07:42:53
================================================================================
[2022-11-08T07:43:39.612+0000] {manager.py:846} INFO - 
================================================================================
DAG File Processing Stats

File Path                 PID    Runtime      # DAGs    # Errors  Last Runtime    Last Run
------------------------  -----  ---------  --------  ----------  --------------  -------------------
/opt/airflow/dags/dag.py                           1           0  0.15s           2022-11-08T07:43:23
================================================================================
[2022-11-08T07:44:09.951+0000] {manager.py:846} INFO - 
================================================================================
DAG File Processing Stats

File Path                 PID    Runtime      # DAGs    # Errors  Last Runtime    Last Run
------------------------  -----  ---------  --------  ----------  --------------  -------------------
/opt/airflow/dags/dag.py                           1           0  0.12s           2022-11-08T07:43:53
================================================================================
[2022-11-08T07:44:40.181+0000] {manager.py:846} INFO - 
================================================================================
DAG File Processing Stats

File Path                 PID    Runtime      # DAGs    # Errors  Last Runtime    Last Run
------------------------  -----  ---------  --------  ----------  --------------  -------------------
/opt/airflow/dags/dag.py                           1           0  0.15s           2022-11-08T07:44:24
================================================================================
[2022-11-08T07:44:55.406+0000] {manager.py:724} INFO - Searching for files in /opt/airflow/dags
[2022-11-08T07:44:55.453+0000] {manager.py:727} INFO - There are 1 files in /opt/airflow/dags
[2022-11-08T07:45:10.578+0000] {manager.py:846} INFO - 
================================================================================
DAG File Processing Stats

File Path                 PID    Runtime      # DAGs    # Errors  Last Runtime    Last Run
------------------------  -----  ---------  --------  ----------  --------------  -------------------
/opt/airflow/dags/dag.py                           1           0  0.12s           2022-11-08T07:44:54
================================================================================
